#
# A fatal error has been detected by the Java Runtime Environment:
#
#  EXCEPTION_ACCESS_VIOLATION (0xc0000005) at pc=0x00000000727cb63f, pid=5416, tid=5660
#
# JRE version: Java(TM) SE Runtime Environment (8.0_91-b15) (build 1.8.0_91-b15)
# Java VM: Java HotSpot(TM) 64-Bit Server VM (25.91-b15 mixed mode windows-amd64 compressed oops)
# Problematic frame:
# V  [jvm.dll+0x4bb63f]
#
# Failed to write core dump. Minidumps are not enabled by default on client versions of Windows
#
# If you would like to submit a bug report, please visit:
#   http://bugreport.java.com/bugreport/crash.jsp
#

---------------  T H R E A D  ---------------

Current thread (0x0000000055054800):  JavaThread "C2 CompilerThread0" daemon [_thread_in_native, id=5660, stack(0x0000000056e30000,0x0000000056f30000)]

siginfo: ExceptionCode=0xc0000005, reading address 0x0000000000000008

Registers:
RAX=0x0000000000000000, RBX=0x0000000000000000, RCX=0x0000000059021f60, RDX=0x0000000000002000
RSP=0x0000000056f2ba50, RBP=0x0000000058a1d330, RSI=0x0000000059021f60, RDI=0x0000000056f2bf20
R8 =0x0000000000000000, R9 =0x0000000058979e70, R10=0x0000000056f2bf20, R11=0x000000005833ded0
R12=0x0000000058a1e200, R13=0x0000000058a15590, R14=0x0000000056f2bb38, R15=0x0000000056f2bb58
RIP=0x00000000727cb63f, EFLAGS=0x0000000000010202

Top of Stack: (sp=0x0000000056f2ba50)
0x0000000056f2ba50:   0000000058a1d298 0000000058a1d330
0x0000000056f2ba60:   0000000059021f60 0000000056f2bf20
0x0000000056f2ba70:   0000000058a1d330 0000000056f2bba8
0x0000000056f2ba80:   0000000056f2bc00 00000000727cce59
0x0000000056f2ba90:   0000000058a1d298 0000000000000237
0x0000000056f2baa0:   0000000000000002 0000000059021f60
0x0000000056f2bab0:   0000000056f2c8f0 00000000727ffa20
0x0000000056f2bac0:   000000005838c2e0 000000005504dee0
0x0000000056f2bad0:   0000000056575b90 0000000056f2bc00
0x0000000056f2bae0:   000000005504dee0 0000000000000000
0x0000000056f2baf0:   0000000056f2bf20 00000000727ced76
0x0000000056f2bb00:   0000000056f2bf20 0000000000000001
0x0000000056f2bb10:   0000000000000002 0000000056575b90
0x0000000056f2bb20:   000000005838c330 00000000583942c8
0x0000000056f2bb30:   00000000000a8248 000000005504dee0
0x0000000056f2bb40:   0000000000000400 000000005833b7d0 

Instructions: (pc=0x00000000727cb63f)
0x00000000727cb61f:   4c 89 64 24 50 4c 8b e0 4c 3b e8 0f 84 4f 01 00
0x00000000727cb62f:   00 44 8b 43 28 4c 8b 8f f0 09 00 00 4b 8b 1c c1
0x00000000727cb63f:   48 8b 43 08 48 83 38 00 75 2a 8b 57 28 0f 1f 40
0x00000000727cb64f:   00 8b 43 28 3b c2 73 0c 8b c8 48 8b 47 30 48 8b 


Register to memory mapping:

RAX=0x0000000000000000 is an unknown value
RBX=0x0000000000000000 is an unknown value
RCX=0x0000000059021f60 is an unknown value
RDX=0x0000000000002000 is an unknown value
RSP=0x0000000056f2ba50 is pointing into the stack for thread: 0x0000000055054800
RBP=0x0000000058a1d330 is an unknown value
RSI=0x0000000059021f60 is an unknown value
RDI=0x0000000056f2bf20 is pointing into the stack for thread: 0x0000000055054800
R8 =0x0000000000000000 is an unknown value
R9 =0x0000000058979e70 is an unknown value
R10=0x0000000056f2bf20 is pointing into the stack for thread: 0x0000000055054800
R11=0x000000005833ded0 is an unknown value
R12=0x0000000058a1e200 is an unknown value
R13=0x0000000058a15590 is an unknown value
R14=0x0000000056f2bb38 is pointing into the stack for thread: 0x0000000055054800
R15=0x0000000056f2bb58 is pointing into the stack for thread: 0x0000000055054800


Stack: [0x0000000056e30000,0x0000000056f30000],  sp=0x0000000056f2ba50,  free space=1006k
Native frames: (J=compiled Java code, j=interpreted, Vv=VM code, C=native code)
V  [jvm.dll+0x4bb63f]
V  [jvm.dll+0x4bce59]
V  [jvm.dll+0x4bed76]
V  [jvm.dll+0x470da1]
V  [jvm.dll+0x471ade]
V  [jvm.dll+0x454ce2]
V  [jvm.dll+0xa4be2]
V  [jvm.dll+0xa551f]
V  [jvm.dll+0x243ae4]
V  [jvm.dll+0x29a99a]
C  [msvcr100.dll+0x21d9f]
C  [msvcr100.dll+0x21e3b]
C  [kernel32.dll+0x1652d]
C  [ntdll.dll+0x2c521]


Current CompileTask:
C2:   7932 1621       4       com.android.dx.dex.code.RopTranslator::outputBlock (202 bytes)


---------------  P R O C E S S  ---------------

Java Threads: ( => current thread )
  0x000000005684a800 JavaThread "pool-2-thread-4" [_thread_in_Java, id=4520, stack(0x0000000057b00000,0x0000000057c00000)]
  0x0000000056919000 JavaThread "pool-2-thread-2" [_thread_in_Java, id=3288, stack(0x0000000057730000,0x0000000057830000)]
  0x00000000567d2000 JavaThread "pool-3-thread-1" [_thread_blocked, id=5604, stack(0x00000000575d0000,0x00000000576d0000)]
  0x00000000565cc000 JavaThread "Service Thread" daemon [_thread_blocked, id=4976, stack(0x0000000057120000,0x0000000057220000)]
  0x0000000056546000 JavaThread "C1 CompilerThread2" daemon [_thread_blocked, id=6028, stack(0x0000000057010000,0x0000000057110000)]
  0x0000000056545800 JavaThread "C2 CompilerThread1" daemon [_thread_in_native, id=5552, stack(0x00000000569c0000,0x0000000056ac0000)]
=>0x0000000055054800 JavaThread "C2 CompilerThread0" daemon [_thread_in_native, id=5660, stack(0x0000000056e30000,0x0000000056f30000)]
  0x0000000055053000 JavaThread "Attach Listener" daemon [_thread_blocked, id=5772, stack(0x0000000056cb0000,0x0000000056db0000)]
  0x0000000055052800 JavaThread "Signal Dispatcher" daemon [_thread_blocked, id=5224, stack(0x0000000056ad0000,0x0000000056bd0000)]
  0x000000005503c000 JavaThread "Finalizer" daemon [_thread_blocked, id=2184, stack(0x0000000056440000,0x0000000056540000)]
  0x0000000054ff5000 JavaThread "Reference Handler" daemon [_thread_blocked, id=4624, stack(0x0000000056240000,0x0000000056340000)]
  0x000000000223f000 JavaThread "main" [_thread_blocked, id=5996, stack(0x00000000024c0000,0x00000000025c0000)]

Other Threads:
  0x0000000054fee000 VMThread [stack: 0x0000000056100000,0x0000000056200000] [id=5636]
  0x000000005657c800 WatcherThread [stack: 0x00000000572e0000,0x00000000573e0000] [id=5796]

VM state:not at safepoint (normal execution)

VM Mutex/Monitor currently owned by a thread: None

Heap:
 PSYoungGen      total 71680K, used 11419K [0x00000000eab00000, 0x00000000f3700000, 0x0000000100000000)
  eden space 66560K, 9% used [0x00000000eab00000,0x00000000eb128ee8,0x00000000eec00000)
  from space 5120K, 99% used [0x00000000eec00000,0x00000000ef0fddf0,0x00000000ef100000)
  to   space 5120K, 0% used [0x00000000f3200000,0x00000000f3200000,0x00000000f3700000)
 ParOldGen       total 87552K, used 15915K [0x00000000c0000000, 0x00000000c5580000, 0x00000000eab00000)
  object space 87552K, 18% used [0x00000000c0000000,0x00000000c0f8ae98,0x00000000c5580000)
 Metaspace       used 6300K, capacity 7156K, committed 7296K, reserved 1056768K
  class space    used 605K, capacity 620K, committed 640K, reserved 1048576K

Card table byte_map: [0x0000000011c50000,0x0000000011e60000] byte_map_base: 0x0000000011650000

Marking Bits: (ParMarkBitMap*) 0x0000000072b22f70
 Begin Bits: [0x0000000012460000, 0x0000000013460000)
 End Bits:   [0x0000000013460000, 0x0000000014460000)

Polling page: 0x0000000000340000

CodeCache: size=245760Kb used=7573Kb max_used=7573Kb free=238186Kb
 bounds [0x0000000002890000, 0x0000000003000000, 0x0000000011890000]
 total_blobs=2057 nmethods=1788 adapters=182
 compilation: enabled

Compilation events (10 events):
Event: 7.510 Thread 0x0000000056546000 nmethod 1682 0x0000000002f8abd0 code [0x0000000002f8ad80, 0x0000000002f8b3a8]
Event: 7.512 Thread 0x0000000056546000 1684       3       com.android.dx.rop.type.Type::internClassName (56 bytes)
Event: 7.513 Thread 0x0000000056546000 nmethod 1684 0x0000000002f8b710 code [0x0000000002f8b960, 0x0000000002f8c818]
Event: 7.513 Thread 0x0000000056546000 1686       3       com.android.dx.rop.code.LocalVariableExtractor::<init> (59 bytes)
Event: 7.514 Thread 0x0000000056546000 nmethod 1686 0x0000000002f8cf10 code [0x0000000002f8d0c0, 0x0000000002f8d6a8]
Event: 7.514 Thread 0x0000000056546000 1687       3       com.android.dx.dex.code.RopTranslator::<init> (190 bytes)
Event: 7.515 Thread 0x0000000056546000 nmethod 1687 0x0000000002f8d910 code [0x0000000002f8db60, 0x0000000002f8ec78]
Event: 7.515 Thread 0x0000000056546000 1688       3       com.android.dx.dex.code.OutputCollector::appendSuffixToOutput (45 bytes)
Event: 7.516 Thread 0x0000000056546000 nmethod 1688 0x0000000002f8f590 code [0x0000000002f8f7a0, 0x0000000002f90258]
Event: 7.516 Thread 0x0000000056546000 1689       3       com.android.dx.dex.code.OutputFinisher::<init> (48 bytes)

GC Heap History (4 events):
Event: 3.688 GC heap before
{Heap before GC invocations=1 (full 0):
 PSYoungGen      total 38400K, used 33280K [0x00000000eab00000, 0x00000000ed580000, 0x0000000100000000)
  eden space 33280K, 100% used [0x00000000eab00000,0x00000000ecb80000,0x00000000ecb80000)
  from space 5120K, 0% used [0x00000000ed080000,0x00000000ed080000,0x00000000ed580000)
  to   space 5120K, 0% used [0x00000000ecb80000,0x00000000ecb80000,0x00000000ed080000)
 ParOldGen       total 87552K, used 0K [0x00000000c0000000, 0x00000000c5580000, 0x00000000eab00000)
  object space 87552K, 0% used [0x00000000c0000000,0x00000000c0000000,0x00000000c5580000)
 Metaspace       used 5934K, capacity 6832K, committed 7040K, reserved 1056768K
  class space    used 599K, capacity 616K, committed 640K, reserved 1048576K
Event: 4.187 GC heap after
Heap after GC invocations=1 (full 0):
 PSYoungGen      total 38400K, used 5113K [0x00000000eab00000, 0x00000000ef600000, 0x0000000100000000)
  eden space 33280K, 0% used [0x00000000eab00000,0x00000000eab00000,0x00000000ecb80000)
  from space 5120K, 99% used [0x00000000ecb80000,0x00000000ed07e4c0,0x00000000ed080000)
  to   space 5120K, 0% used [0x00000000ef100000,0x00000000ef100000,0x00000000ef600000)
 ParOldGen       total 87552K, used 1351K [0x00000000c0000000, 0x00000000c5580000, 0x00000000eab00000)
  object space 87552K, 1% used [0x00000000c0000000,0x00000000c0151ee8,0x00000000c5580000)
 Metaspace       used 5934K, capacity 6832K, committed 7040K, reserved 1056768K
  class space    used 599K, capacity 616K, committed 640K, reserved 1048576K
}
Event: 5.866 GC heap before
{Heap before GC invocations=2 (full 0):
 PSYoungGen      total 38400K, used 38393K [0x00000000eab00000, 0x00000000ef600000, 0x0000000100000000)
  eden space 33280K, 100% used [0x00000000eab00000,0x00000000ecb80000,0x00000000ecb80000)
  from space 5120K, 99% used [0x00000000ecb80000,0x00000000ed07e4c0,0x00000000ed080000)
  to   space 5120K, 0% used [0x00000000ef100000,0x00000000ef100000,0x00000000ef600000)
 ParOldGen       total 87552K, used 1351K [0x00000000c0000000, 0x00000000c5580000, 0x00000000eab00000)
  object space 87552K, 1% used [0x00000000c0000000,0x00000000c0151ee8,0x00000000c5580000)
 Metaspace       used 6191K, capacity 7090K, committed 7296K, reserved 1056768K
  class space    used 602K, capacity 618K, committed 640K, reserved 1048576K
Event: 6.158 GC heap after
Heap after GC invocations=2 (full 0):
 PSYoungGen      total 71680K, used 5096K [0x00000000eab00000, 0x00000000ef600000, 0x0000000100000000)
  eden space 66560K, 0% used [0x00000000eab00000,0x00000000eab00000,0x00000000eec00000)
  from space 5120K, 99% used [0x00000000ef100000,0x00000000ef5fa048,0x00000000ef600000)
  to   space 5120K, 0% used [0x00000000eec00000,0x00000000eec00000,0x00000000ef100000)
 ParOldGen       total 87552K, used 5518K [0x00000000c0000000, 0x00000000c5580000, 0x00000000eab00000)
  object space 87552K, 6% used [0x00000000c0000000,0x00000000c0563a70,0x00000000c5580000)
 Metaspace       used 6191K, capacity 7090K, committed 7296K, reserved 1056768K
  class space    used 602K, capacity 618K, committed 640K, reserved 1048576K
}

Deoptimization events (10 events):
Event: 5.857 Thread 0x0000000056916000 Uncommon trap: reason=unstable_if action=reinterpret pc=0x0000000002d697c0 method=com.android.dx.ssa.SCCP.simulateStmt(Lcom/android/dx/ssa/SsaInsn;)V @ 53
Event: 6.345 Thread 0x0000000056916000 Uncommon trap: reason=bimorphic action=maybe_recompile pc=0x0000000002e8bf5c method=com.android.dx.ssa.LiteralOpUpgrader.tryReplacingWithConstant(Lcom/android/dx/ssa/NormalSsaInsn;)Z @ 52
Event: 6.346 Thread 0x0000000056916000 Uncommon trap: reason=bimorphic action=maybe_recompile pc=0x0000000002e8bf5c method=com.android.dx.ssa.LiteralOpUpgrader.tryReplacingWithConstant(Lcom/android/dx/ssa/NormalSsaInsn;)Z @ 52
Event: 6.346 Thread 0x0000000056916000 Uncommon trap: reason=bimorphic action=maybe_recompile pc=0x0000000002e8bf5c method=com.android.dx.ssa.LiteralOpUpgrader.tryReplacingWithConstant(Lcom/android/dx/ssa/NormalSsaInsn;)Z @ 52
Event: 7.016 Thread 0x0000000056916000 Uncommon trap: reason=bimorphic action=maybe_recompile pc=0x0000000002ef1454 method=com.android.dx.cf.code.BytecodeArray.parseInstruction(ILcom/android/dx/cf/code/BytecodeArray$Visitor;)I @ 1501
Event: 7.016 Thread 0x0000000056916000 Uncommon trap: reason=bimorphic action=maybe_recompile pc=0x0000000002ef1454 method=com.android.dx.cf.code.BytecodeArray.parseInstruction(ILcom/android/dx/cf/code/BytecodeArray$Visitor;)I @ 1501
Event: 7.229 Thread 0x0000000056916000 Uncommon trap: reason=unstable_if action=reinterpret pc=0x0000000002f49b98 method=com.android.dx.rop.cst.CstNat.equals(Ljava/lang/Object;)Z @ 25
Event: 7.238 Thread 0x00000000567cf000 Uncommon trap: reason=class_check action=maybe_recompile pc=0x0000000002eb9544 method=com.android.dx.rop.code.RegisterSpec.withSimpleType()Lcom/android/dx/rop/code/RegisterSpec; @ 21
Event: 7.265 Thread 0x000000000223f000 Uncommon trap: reason=unloaded action=reinterpret pc=0x0000000002c66ce4 method=com.android.dx.cf.cst.ConstantPoolParser.parse0(ILjava/util/BitSet;)Lcom/android/dx/rop/cst/Constant; @ 198
Event: 7.345 Thread 0x0000000056916000 Uncommon trap: reason=unstable_if action=reinterpret pc=0x0000000002ee7290 method=com.android.dx.ssa.InterferenceRegisterMapper.interferes(III)Z @ 35

Internal exceptions (3 events):
Event: 0.078 Thread 0x000000000223f000 Exception <a 'java/lang/NoSuchMethodError': Method sun.misc.Unsafe.defineClass(Ljava/lang/String;[BII)Ljava/lang/Class; name or signature does not match> (0x00000000eab07cc0) thrown at [C:\re\workspace\8-2-build-windows-amd64-cygwin\jdk8u91\7017\hotspot\srøj_¯j
Event: 0.078 Thread 0x000000000223f000 Exception <a 'java/lang/NoSuchMethodError': Method sun.misc.Unsafe.prefetchRead(Ljava/lang/Object;J)V name or signature does not match> (0x00000000eab07fa8) thrown at [C:\re\workspace\8-2-build-windows-amd64-cygwin\jdk8u91\7017\hotspot\src\share\vm\prims\j´êâ†r@
Event: 4.612 Thread 0x0000000056916000 Implicit null exception at 0x0000000002c47952 to 0x0000000002c47a42

Events (10 events):
Event: 7.229 Thread 0x0000000056916000 DEOPT UNPACKING pc=0x00000000028d582a sp=0x000000005797e4e0 mode 2
Event: 7.238 Thread 0x00000000567cf000 Uncommon trap: trap_request=0xffffffde fr.pc=0x0000000002eb9544
Event: 7.238 Thread 0x00000000567cf000 DEOPT PACKING pc=0x0000000002eb9544 sp=0x000000005759e640
Event: 7.238 Thread 0x00000000567cf000 DEOPT UNPACKING pc=0x00000000028d582a sp=0x000000005759e5b8 mode 2
Event: 7.265 Thread 0x000000000223f000 Uncommon trap: trap_request=0x000000d0 fr.pc=0x0000000002c66ce4
Event: 7.265 Thread 0x000000000223f000 DEOPT PACKING pc=0x0000000002c66ce4 sp=0x00000000025bedb0
Event: 7.265 Thread 0x000000000223f000 DEOPT UNPACKING pc=0x00000000028d582a sp=0x00000000025bed78 mode 2
Event: 7.345 Thread 0x0000000056916000 Uncommon trap: trap_request=0xffffff65 fr.pc=0x0000000002ee7290
Event: 7.345 Thread 0x0000000056916000 DEOPT PACKING pc=0x0000000002ee7290 sp=0x000000005797ed90
Event: 7.345 Thread 0x0000000056916000 DEOPT UNPACKING pc=0x00000000028d582a sp=0x000000005797ed18 mode 2


Dynamic libraries:
0x000000013f9c0000 - 0x000000013f9f7000 	C:\Program Files\Java\jdk1.8.0_91\bin\java.exe
0x0000000077a90000 - 0x0000000077c39000 	C:\Windows\SYSTEM32\ntdll.dll
0x0000000077970000 - 0x0000000077a8f000 	C:\Windows\system32\kernel32.dll
0x000007fefdc60000 - 0x000007fefdccb000 	C:\Windows\system32\KERNELBASE.dll
0x000007fefe3e0000 - 0x000007fefe4bb000 	C:\Windows\system32\ADVAPI32.dll
0x000007fefddb0000 - 0x000007fefde4f000 	C:\Windows\system32\msvcrt.dll
0x000007feff680000 - 0x000007feff69f000 	C:\Windows\SYSTEM32\sechost.dll
0x000007fefe0b0000 - 0x000007fefe1dd000 	C:\Windows\system32\RPCRT4.dll
0x0000000077870000 - 0x000000007796a000 	C:\Windows\system32\USER32.dll
0x000007feffd30000 - 0x000007feffd97000 	C:\Windows\system32\GDI32.dll
0x000007fefe860000 - 0x000007fefe86e000 	C:\Windows\system32\LPK.dll
0x000007fefe5e0000 - 0x000007fefe6a9000 	C:\Windows\system32\USP10.dll
0x000007fefbff0000 - 0x000007fefc1e4000 	C:\Windows\WinSxS\amd64_microsoft.windows.common-controls_6595b64144ccf1df_6.0.7601.17514_none_fa396087175ac9ac\COMCTL32.dll
0x000007feff950000 - 0x000007feff9c1000 	C:\Windows\system32\SHLWAPI.dll
0x000007fefe6b0000 - 0x000007fefe6de000 	C:\Windows\system32\IMM32.DLL
0x000007fefe4d0000 - 0x000007fefe5d9000 	C:\Windows\system32\MSCTF.dll
0x000007fefd9a0000 - 0x000007fefd9d1000 	C:\Windows\system32\nvinitx.dll
0x000007fefd990000 - 0x000007fefd99c000 	C:\Windows\system32\VERSION.dll
0x0000000072230000 - 0x0000000072302000 	C:\Program Files\Java\jdk1.8.0_91\jre\bin\msvcr100.dll
0x0000000072310000 - 0x0000000072ba3000 	C:\Program Files\Java\jdk1.8.0_91\jre\bin\server\jvm.dll
0x000007fef5f50000 - 0x000007fef5f59000 	C:\Windows\system32\WSOCK32.dll
0x000007fefe060000 - 0x000007fefe0ad000 	C:\Windows\system32\WS2_32.dll
0x000007fefe4c0000 - 0x000007fefe4c8000 	C:\Windows\system32\NSI.dll
0x000007fefc4e0000 - 0x000007fefc51b000 	C:\Windows\system32\WINMM.dll
0x0000000077c50000 - 0x0000000077c57000 	C:\Windows\system32\PSAPI.DLL
0x00000000741f0000 - 0x00000000741ff000 	C:\Program Files\Java\jdk1.8.0_91\jre\bin\verify.dll
0x0000000073e90000 - 0x0000000073eb9000 	C:\Program Files\Java\jdk1.8.0_91\jre\bin\java.dll
0x0000000073e70000 - 0x0000000073e86000 	C:\Program Files\Java\jdk1.8.0_91\jre\bin\zip.dll
0x000007fefe870000 - 0x000007feff5f8000 	C:\Windows\system32\SHELL32.dll
0x000007feff6a0000 - 0x000007feff8a3000 	C:\Windows\system32\ole32.dll
0x000007fefd9e0000 - 0x000007fefd9ef000 	C:\Windows\system32\profapi.dll
0x000007fef61d0000 - 0x000007fef62f5000 	C:\Windows\system32\dbghelp.dll

VM Arguments:
jvm_args: -Djava.awt.headless=true -Xmx1024M -Dfile.encoding=windows-1252 -Duser.country=US -Duser.language=en -Duser.variant 
java_command: com.android.dx.command.Main --dex --force-jumbo --num-threads=4 --multi-dex --output D:\Studio Projects\TMS\app\build\intermediates\transforms\dex\debug\folders\1000\10\com.android.support-design-23.2.0_d127bf2603b0228696a1b43cbc9c4dffee435dc8 D:\Studio Projects\TMS\app\build\intermediates\exploded-aar\com.android.support\design\23.2.0\jars\classes.jar
java_class_path (initial): D:\Android-SDK\sdk\build-tools\23.0.3\lib\dx.jar
Launcher Type: SUN_STANDARD

Environment Variables:
PATH=C:\ProgramData\Oracle\Java\javapath;C:\Windows\system32;C:\Windows;C:\Windows\System32\Wbem;C:\Windows\System32\WindowsPowerShell\v1.0\;C:\Program Files\Git\cmd;C:\Program Files\nodejs\;D:\apache-ant-1.9.7\bin;D:\Android-SDK\sdk\tools;C:\Users\Rahul Padaliya\AppData\Roaming\npm
USERNAME=Rahul Padaliya
OS=Windows_NT
PROCESSOR_IDENTIFIER=Intel64 Family 6 Model 42 Stepping 7, GenuineIntel



---------------  S Y S T E M  ---------------

OS: Windows 7 , 64 bit Build 7601 (6.1.7601.17514)

CPU:total 4 (2 cores per cpu, 2 threads per core) family 6 model 42 stepping 7, cmov, cx8, fxsr, mmx, sse, sse2, sse3, ssse3, sse4.1, sse4.2, popcnt, avx, aes, clmul, ht, tsc, tscinvbit

Memory: 4k page, physical 8266684k(769748k free), swap 16531524k(7107304k free)

vm_info: Java HotSpot(TM) 64-Bit Server VM (25.91-b15) for windows-amd64 JRE (1.8.0_91-b15), built on May 20 2016 17:43:15 by "java_re" with MS VC++ 10.0 (VS2010)

time: Sat Sep 17 18:40:45 2016
elapsed time: 8 seconds (0d 0h 0m 8s)

